<?xml version="1.0" encoding="UTF-8"?>
<coverage generated="1774427405619" clover="3.2.0">
  <project timestamp="1774427405619" name="All files">
    <metrics statements="26" coveredstatements="20" conditionals="24" coveredconditionals="18" methods="6" coveredmethods="6" elements="56" coveredelements="44" complexity="0" loc="26" ncloc="26" packages="1" files="3" classes="3"/>
    <file name="01-sum.js" path="C:\Users\ismael.avila\IdeaProjects\PruebasProyectoJS\src\demos\01-sum.js">
      <metrics statements="2" coveredstatements="2" conditionals="0" coveredconditionals="0" methods="1" coveredmethods="1"/>
      <line num="2" count="1" type="stmt"/>
      <line num="4" count="1" type="stmt"/>
    </file>
    <file name="02-math.js" path="C:\Users\ismael.avila\IdeaProjects\PruebasProyectoJS\src\demos\02-math.js">
      <metrics statements="4" coveredstatements="4" conditionals="0" coveredconditionals="0" methods="3" coveredmethods="3"/>
      <line num="2" count="1" type="stmt"/>
      <line num="6" count="1" type="stmt"/>
      <line num="10" count="1" type="stmt"/>
      <line num="13" count="1" type="stmt"/>
    </file>
    <file name="06-person.js" path="C:\Users\ismael.avila\IdeaProjects\PruebasProyectoJS\src\demos\06-person.js">
      <metrics statements="20" coveredstatements="14" conditionals="24" coveredconditionals="18" methods="2" coveredmethods="2"/>
      <line num="3" count="2" type="stmt"/>
      <line num="4" count="2" type="stmt"/>
      <line num="5" count="2" type="stmt"/>
      <line num="9" count="2" type="stmt"/>
      <line num="10" count="2" type="cond" truecount="1" falsecount="1"/>
      <line num="11" count="0" type="stmt"/>
      <line num="12" count="2" type="cond" truecount="4" falsecount="0"/>
      <line num="13" count="1" type="stmt"/>
      <line num="14" count="1" type="cond" truecount="3" falsecount="1"/>
      <line num="15" count="0" type="stmt"/>
      <line num="16" count="1" type="cond" truecount="3" falsecount="1"/>
      <line num="17" count="0" type="stmt"/>
      <line num="18" count="1" type="cond" truecount="3" falsecount="1"/>
      <line num="19" count="0" type="stmt"/>
      <line num="20" count="1" type="cond" truecount="3" falsecount="1"/>
      <line num="21" count="0" type="stmt"/>
      <line num="22" count="1" type="cond" truecount="1" falsecount="1"/>
      <line num="23" count="1" type="stmt"/>
      <line num="25" count="0" type="stmt"/>
      <line num="28" count="1" type="stmt"/>
    </file>
  </project>
</coverage>
